  direct3d.cpp
C:\Users\toydo\OneDrive\ドキュメント\GitHub\Vigston\Vigston\Vigston\direct3d.cpp(24,3): warning C4838: 'int' から 'UINT' への変換には縮小変換が必要です
C:\Users\toydo\OneDrive\ドキュメント\GitHub\Vigston\Vigston\Vigston\direct3d.cpp(24,9): warning C4838: 'int' から 'UINT' への変換には縮小変換が必要です
  directsound.cpp
  keyboard.cpp
  main.cpp
C:\Users\toydo\OneDrive\ドキュメント\GitHub\Vigston\Vigston\Vigston\main.cpp(18,5): warning C4007: 'WinMain': '__stdcall' でなければなりません。
  soundbuffer.cpp
  sprite.cpp
C:\Users\toydo\OneDrive\ドキュメント\GitHub\Vigston\Vigston\Vigston\sprite.cpp(116,11): warning C4244: '初期化中': 'double' から 'float' への変換です。データが失われる可能性があります。
C:\Users\toydo\OneDrive\ドキュメント\GitHub\Vigston\Vigston\Vigston\sprite.cpp(117,11): warning C4244: '初期化中': 'double' から 'float' への変換です。データが失われる可能性があります。
C:\Users\toydo\OneDrive\ドキュメント\GitHub\Vigston\Vigston\Vigston\sprite.cpp(135,10): warning C4244: '初期化中': 'double' から 'float' への変換です。データが失われる可能性があります。
C:\Users\toydo\OneDrive\ドキュメント\GitHub\Vigston\Vigston\Vigston\sprite.cpp(142,10): warning C4244: '=': 'double' から 'float' への変換です。データが失われる可能性があります。
C:\Users\toydo\OneDrive\ドキュメント\GitHub\Vigston\Vigston\Vigston\sprite.cpp(149,10): warning C4244: '=': 'double' から 'float' への変換です。データが失われる可能性があります。
C:\Users\toydo\OneDrive\ドキュメント\GitHub\Vigston\Vigston\Vigston\sprite.cpp(156,10): warning C4244: '=': 'double' から 'float' への変換です。データが失われる可能性があります。
  text.cpp
  texture.cpp
  vigston.cpp
  wave.cpp
  window.cpp
  コードを生成中...
C:\Users\toydo\OneDrive\ドキュメント\GitHub\Vigston\Vigston\Vigston\soundbuffer.cpp(88): warning C4715: 'SoundBuffer::GetVolume': 値を返さないコントロール パスがあります。
  Vigston.vcxproj -> C:\Users\toydo\OneDrive\ドキュメント\GitHub\Vigston\Vigston\Debug\Vigston.exe
